<?xml version="1.0" encoding="UTF-8"?>
<!-- Generated by org.testng.reporters.JUnitXMLReporter -->
<testsuite ignored="0" hostname="DESKTOP-08D4OQ6" failures="0" tests="1" name="Login Test" time="0.004" errors="0" timestamp="2023-04-07T15:58:25 CEST">
  <testcase classname="tests.TestBase" name="@BeforeMethod beforeTest" time="0.001">
    <failure type="java.lang.IllegalStateException" message="The driver executable must exist: C:\drivers\chromedriver.exe">
      <![CDATA[java.lang.IllegalStateException: The driver executable must exist: C:\drivers\chromedriver.exe
at org.openqa.selenium.internal.Require$FileStateChecker.isFile(Require.java:345)
at org.openqa.selenium.remote.service.DriverService.checkExecutable(DriverService.java:160)
at org.openqa.selenium.remote.service.DriverService.findExecutable(DriverService.java:155)
at org.openqa.selenium.chrome.ChromeDriverService.access$000(ChromeDriverService.java:39)
at org.openqa.selenium.chrome.ChromeDriverService$Builder.findDefaultExecutable(ChromeDriverService.java:233)
at org.openqa.selenium.remote.service.DriverService$Builder.build(DriverService.java:450)
at org.openqa.selenium.chrome.ChromeDriverService.createDefaultService(ChromeDriverService.java:128)
at org.openqa.selenium.chrome.ChromeDriver.<init>(ChromeDriver.java:49)
at driver.manager.BrowserFactory.getBrowser(BrowserFactory.java:13)
at driver.manager.DriverManager.getWebDriver(DriverManager.java:16)
at tests.TestBase.beforeTest(TestBase.java:26)
at java.base/java.util.ArrayList.forEach(ArrayList.java:1511)
... Removed 35 stack frames]]>
    </failure>
  </testcase> <!-- @BeforeMethod beforeTest -->
  <testcase classname="tests.TestBase" name="@AfterMethod afterTest" time="0.0">
    <skipped/>
  </testcase> <!-- @AfterMethod afterTest -->
  <testcase classname="tests.LoginTests" name="TestPositiveLogin" time="0.0">
    <skipped/>
  </testcase> <!-- TestPositiveLogin -->
</testsuite> <!-- Login Test -->
